2018/01/02 16:48:25 {"Text":"dont you\r\n","From":"casey","Address":"127.0.0.1:50653"}
2018/01/02 16:48:30 {"Text":"call me crazy\r\n","From":"casey","Address":"127.0.0.1:50653"}
2018/01/02 21:39:28 Starting Server
2018/01/02 21:40:29 {"Text":"hello casey\r\n","From":"manus","Address":"","TimeStamp":"0001-01-01T00:00:00Z"}
2018/01/02 21:40:39 {"Text":"goodbye manus\r\n","From":"casey","Address":"","TimeStamp":"0001-01-01T00:00:00Z"}
2018/01/02 21:52:34 Starting Server
2018/01/02 21:53:33 {"Text":"hello\r\n","From":"manus","Address":"","TimeStamp":"0001-01-01T00:00:00Z"}
2018/01/02 21:54:47 Starting Server
2018/01/02 21:55:20 {"Text":"\r\n","From":"manus","Address":"","TimeStamp":"0001-01-01T00:00:00Z"}
2018/01/02 21:57:57 Starting Server
2018/01/02 21:58:23 {"Text":"hello\r\n","From":"manus","Address":"","TimeStamp":"0001-01-01T00:00:00Z"}
2018/01/02 21:58:27 {"Text":"goodbye\r\n","From":"manus","Address":"","TimeStamp":"0001-01-01T00:00:00Z"}
2018/01/02 21:58:51 {"Text":"what?\r\n","From":"casey","Address":"","TimeStamp":"0001-01-01T00:00:00Z"}
2018/01/02 21:58:59 {"Text":"I'm I broken?\r\n","From":"casey","Address":"","TimeStamp":"0001-01-01T00:00:00Z"}
2018/01/02 22:04:31 Starting Server
2018/01/02 22:05:09 {"Text":"hello\r\n","From":"casey","Address":"","TimeStamp":"0001-01-01T00:00:00Z"}
2018/01/02 22:05:13 {"Text":"goodbye\r\n","From":"casey","Address":"","TimeStamp":"0001-01-01T00:00:00Z"}
2018/01/02 22:06:15 {"Text":"hello world :)\r\n","From":"casey","Address":"","TimeStamp":"0001-01-01T00:00:00Z"}
2018/01/02 22:07:30 Starting Server
2018/01/02 22:07:38 Starting Server
2018/01/02 22:08:13 {"Text":"hello world\r\n","From":"manus","Address":"","TimeStamp":"0001-01-01T00:00:00Z"}
2018/01/02 22:19:12 Starting Server
2018/01/02 22:19:31 {"Text":"hello\r\n","From":"manus","Address":"","TimeStamp":"0001-01-01T00:00:00Z"}
2018/01/02 22:24:40 Starting Server
2018/01/02 22:25:22 {"Text":"What am I doing?\r\n","From":"manus","Address":"","TimeStamp":"0001-01-01T00:00:00Z"}
2018/01/02 22:30:31 Starting Server
2018/01/02 22:30:57 Starting Server
2018/01/02 22:31:21 {"Text":"hello casey\r\n","From":"manus","Address":"","TimeStamp":"0001-01-01T00:00:00Z"}
2018/01/02 22:31:38 {"Text":"hello manus\r\n","From":"casey","Address":"","TimeStamp":"0001-01-01T00:00:00Z"}
2018/01/02 22:31:43 {"Text":"goodbye casey\r\n","From":"manus","Address":"","TimeStamp":"0001-01-01T00:00:00Z"}
2018/01/02 22:32:46 Starting Server
2018/01/02 22:44:11 Starting Server
2018/01/02 22:45:03 {"Text":"hello casey\r\n","From":"manus","Address":"","TimeStamp":"0001-01-01T00:00:00Z"}
2018/01/02 22:45:09 {"Text":"bye casey\r\n","From":"manus","Address":"","TimeStamp":"0001-01-01T00:00:00Z"}
2018/01/02 22:58:04 Starting Server
2018/01/02 23:03:30 Starting Server
2018/01/02 23:03:55 {"Text":"hello casey\r\n","From":"manus","Address":"","TimeStamp":"0001-01-01T00:00:00Z"}
2018/01/02 23:03:59 {"Text":"I'm here :)\r\n","From":"manus","Address":"","TimeStamp":"0001-01-01T00:00:00Z"}
2018/01/02 23:04:09 {"Text":"now I'm leaving\r\n","From":"manus","Address":"","TimeStamp":"0001-01-01T00:00:00Z"}
2018/01/02 23:04:21 {"Text":"okay\r\n","From":"casey","Address":"","TimeStamp":"0001-01-01T00:00:00Z"}
2018/01/02 23:04:48 {"Text":"dude this sucks\r\n","From":"casey","Address":"","TimeStamp":"0001-01-01T00:00:00Z"}
2018/01/02 23:05:06 {"Text":"does it\r\n","From":"casey","Address":"","TimeStamp":"0001-01-01T00:00:00Z"}
2018/01/02 23:12:37 Starting Server
2018/01/02 23:12:44 {"Text":"\r\n","From":"casey","Address":"","TimeStamp":"0001-01-01T00:00:00Z"}
2018/01/02 23:15:35 Starting Server
